# JRE version: OpenJDK Runtime Environment Temurin-17.0.5+8 (17.0.5+8) (build 17.0.5+8)
# Java VM: OpenJDK 64-Bit Server VM Temurin-17.0.5+8 (17.0.5+8, mixed mode, sharing, tiered, compressed oops, compressed class ptrs, g1 gc, windows-amd64)
GC Precious Log:
 CPUs: 8 total, 8 available
 Memory: 7103M
 Large Page Support: Disabled
 NUMA Support: Disabled
 Compressed Oops: Enabled (32-bit)
 Heap Region Size: 1M
 Heap Min Capacity: 8M
 Heap Initial Capacity: 112M
 Heap Max Capacity: 1776M
 Pre-touch: Disabled
 Parallel Workers: 8
 Concurrent Workers: 2
 Concurrent Refinement Workers: 8
 Periodic GC: Disabled
Heap:
 garbage-first heap   total 171008K, used 54465K [0x0000000091000000, 0x0000000100000000)
  region size 1024K, 10 young (10240K), 3 survivors (3072K)
 Metaspace       used 88772K, committed 89408K, reserved 1130496K
  class space    used 12260K, committed 12544K, reserved 1048576K
GC Heap History (20 events):
Event: 20.469 GC heap before
{Heap before GC invocations=20 (full 0):
 garbage-first heap   total 68608K, used 55527K [0x0000000091000000, 0x0000000100000000)
  region size 1024K, 18 young (18432K), 1 survivors (1024K)
 Metaspace       used 71115K, committed 71680K, reserved 1114112K
  class space    used 9925K, committed 10176K, reserved 1048576K
}
Event: 20.472 GC heap after
{Heap after GC invocations=21 (full 0):
 garbage-first heap   total 68608K, used 38931K [0x0000000091000000, 0x0000000100000000)
  region size 1024K, 2 young (2048K), 2 survivors (2048K)
 Metaspace       used 71115K, committed 71680K, reserved 1114112K
  class space    used 9925K, committed 10176K, reserved 1048576K
}
Event: 21.252 GC heap before
{Heap before GC invocations=22 (full 0):
 garbage-first heap   total 70656K, used 54291K [0x0000000091000000, 0x0000000100000000)
  region size 1024K, 18 young (18432K), 2 survivors (2048K)
 Metaspace       used 72887K, committed 73536K, reserved 1114112K
  class space    used 10147K, committed 10432K, reserved 1048576K
}
Event: 21.257 GC heap after
{Heap after GC invocations=23 (full 0):
 garbage-first heap   total 70656K, used 40471K [0x0000000091000000, 0x0000000100000000)
  region size 1024K, 3 young (3072K), 3 survivors (3072K)
 Metaspace       used 72887K, committed 73536K, reserved 1114112K
  class space    used 10147K, committed 10432K, reserved 1048576K
}
Event: 21.306 GC heap before
{Heap before GC invocations=23 (full 0):
 garbage-first heap   total 70656K, used 41495K [0x0000000091000000, 0x0000000100000000)
  region size 1024K, 4 young (4096K), 3 survivors (3072K)
 Metaspace       used 73008K, committed 73664K, reserved 1114112K
  class space    used 10164K, committed 10496K, reserved 1048576K
}
Event: 21.310 GC heap after
{Heap after GC invocations=24 (full 0):
 garbage-first heap   total 70656K, used 40082K [0x0000000091000000, 0x0000000100000000)
  region size 1024K, 1 young (1024K), 1 survivors (1024K)
 Metaspace       used 73008K, committed 73664K, reserved 1114112K
  class space    used 10164K, committed 10496K, reserved 1048576K
}
Event: 23.183 GC heap before
{Heap before GC invocations=24 (full 0):
 garbage-first heap   total 70656K, used 57490K [0x0000000091000000, 0x0000000100000000)
  region size 1024K, 18 young (18432K), 1 survivors (1024K)
 Metaspace       used 74384K, committed 75008K, reserved 1114112K
  class space    used 10367K, committed 10688K, reserved 1048576K
}
Event: 23.186 GC heap after
{Heap after GC invocations=25 (full 0):
 garbage-first heap   total 70656K, used 41068K [0x0000000091000000, 0x0000000100000000)
  region size 1024K, 2 young (2048K), 2 survivors (2048K)
 Metaspace       used 74384K, committed 75008K, reserved 1114112K
  class space    used 10367K, committed 10688K, reserved 1048576K
}
Event: 24.195 GC heap before
{Heap before GC invocations=26 (full 0):
 garbage-first heap   total 75776K, used 56428K [0x0000000091000000, 0x0000000100000000)
  region size 1024K, 17 young (17408K), 2 survivors (2048K)
 Metaspace       used 77603K, committed 78208K, reserved 1122304K
  class space    used 10786K, committed 11072K, reserved 1048576K
}
Event: 24.200 GC heap after
{Heap after GC invocations=27 (full 0):
 garbage-first heap   total 75776K, used 43067K [0x0000000091000000, 0x0000000100000000)
  region size 1024K, 3 young (3072K), 3 survivors (3072K)
 Metaspace       used 77603K, committed 78208K, reserved 1122304K
  class space    used 10786K, committed 11072K, reserved 1048576K
}
Event: 24.210 GC heap before
{Heap before GC invocations=27 (full 0):
 garbage-first heap   total 75776K, used 44091K [0x0000000091000000, 0x0000000100000000)
  region size 1024K, 4 young (4096K), 3 survivors (3072K)
 Metaspace       used 77621K, committed 78208K, reserved 1122304K
  class space    used 10787K, committed 11072K, reserved 1048576K
}
Event: 24.214 GC heap after
{Heap after GC invocations=28 (full 0):
 garbage-first heap   total 75776K, used 43459K [0x0000000091000000, 0x0000000100000000)
  region size 1024K, 1 young (1024K), 1 survivors (1024K)
 Metaspace       used 77621K, committed 78208K, reserved 1122304K
  class space    used 10787K, committed 11072K, reserved 1048576K
}
Event: 25.066 GC heap before
{Heap before GC invocations=28 (full 0):
 garbage-first heap   total 75776K, used 60867K [0x0000000091000000, 0x0000000100000000)
  region size 1024K, 18 young (18432K), 1 survivors (1024K)
 Metaspace       used 80880K, committed 81472K, reserved 1122304K
  class space    used 11247K, committed 11520K, reserved 1048576K
}
Event: 25.072 GC heap after
{Heap after GC invocations=29 (full 0):
 garbage-first heap   total 75776K, used 45740K [0x0000000091000000, 0x0000000100000000)
  region size 1024K, 3 young (3072K), 3 survivors (3072K)
 Metaspace       used 80880K, committed 81472K, reserved 1122304K
  class space    used 11247K, committed 11520K, reserved 1048576K
}
Event: 33.585 GC heap before
{Heap before GC invocations=30 (full 0):
 garbage-first heap   total 78848K, used 60076K [0x0000000091000000, 0x0000000100000000)
  region size 1024K, 18 young (18432K), 3 survivors (3072K)
 Metaspace       used 84696K, committed 85312K, reserved 1130496K
  class space    used 11744K, committed 12032K, reserved 1048576K
}
Event: 33.592 GC heap after
{Heap after GC invocations=31 (full 0):
 garbage-first heap   total 78848K, used 46467K [0x0000000091000000, 0x0000000100000000)
  region size 1024K, 2 young (2048K), 2 survivors (2048K)
 Metaspace       used 84696K, committed 85312K, reserved 1130496K
  class space    used 11744K, committed 12032K, reserved 1048576K
}
Event: 33.659 GC heap before
{Heap before GC invocations=31 (full 0):
 garbage-first heap   total 78848K, used 47491K [0x0000000091000000, 0x0000000100000000)
  region size 1024K, 3 young (3072K), 2 survivors (2048K)
 Metaspace       used 84910K, committed 85504K, reserved 1130496K
  class space    used 11778K, committed 12032K, reserved 1048576K
}
Event: 33.662 GC heap after
{Heap after GC invocations=32 (full 0):
 garbage-first heap   total 78848K, used 45949K [0x0000000091000000, 0x0000000100000000)
  region size 1024K, 1 young (1024K), 1 survivors (1024K)
 Metaspace       used 84910K, committed 85504K, reserved 1130496K
  class space    used 11778K, committed 12032K, reserved 1048576K
}
Event: 37.753 GC heap before
{Heap before GC invocations=32 (full 0):
 garbage-first heap   total 78848K, used 62333K [0x0000000091000000, 0x0000000100000000)
  region size 1024K, 18 young (18432K), 1 survivors (1024K)
 Metaspace       used 88577K, committed 89216K, reserved 1130496K
  class space    used 12246K, committed 12544K, reserved 1048576K
}
Event: 37.758 GC heap after
{Heap after GC invocations=33 (full 0):
 garbage-first heap   total 171008K, used 48321K [0x0000000091000000, 0x0000000100000000)
  region size 1024K, 3 young (3072K), 3 survivors (3072K)
 Metaspace       used 88577K, committed 89216K, reserved 1130496K
  class space    used 12246K, committed 12544K, reserved 1048576K
}

